[02:24:22] [ServerMain/INFO]: [bootstrap] Running Java 21 (OpenJDK 64-Bit Server VM 21.0.6+7-Ubuntu-120.04.1; Ubuntu null) on Linux 6.5.0-1025-azure (amd64)
[02:24:22] [ServerMain/INFO]: [bootstrap] Loading Paper 1.21.3-63-master@4190ee7 (2024-11-25T18:59:19Z) for Minecraft 1.21.3
[02:24:23] [ServerMain/INFO]: [PluginInitializerManager] Initializing plugins...
[02:24:23] [ServerMain/INFO]: [PluginInitializerManager] Initialized 0 plugins
[02:24:25] [Paper Plugin Remapper Thread - 1/INFO]: [ReobfServer] Remapping server...
[02:24:34] [ServerMain/INFO]: Environment: Environment[sessionHost=https://sessionserver.mojang.com, servicesHost=https://api.minecraftservices.com, name=PROD]
[02:24:35] [ServerMain/INFO]: Found new data pack file/bukkit, loading it automatically
[02:24:35] [ServerMain/INFO]: Found new data pack paper, loading it automatically
[02:24:38] [ServerMain/INFO]: No existing world data, creating new world
[02:24:40] [ServerMain/INFO]: Loaded 1337 recipes
[02:24:40] [ServerMain/INFO]: Loaded 1448 advancements
[02:24:41] [Server thread/INFO]: Starting minecraft server version 1.21.3
[02:24:41] [Server thread/INFO]: Loading properties
[02:24:41] [Server thread/INFO]: This server is running Paper version 1.21.3-63-master@4190ee7 (2024-11-25T18:59:19Z) (Implementing API version 1.21.3-R0.1-SNAPSHOT)
[02:24:42] [Paper Plugin Remapper Thread - 1/INFO]: [ReobfServer] Done remapping server in 17121ms.
[02:24:42] [Server thread/INFO]: [spark] This server bundles the spark profiler. For more information please visit https://docs.papermc.io/paper/profiling
[02:24:42] [Server thread/INFO]: Server Ping Player Sample Count: 12
[02:24:42] [Server thread/INFO]: Using 4 threads for Netty based IO
[02:24:44] [Server thread/INFO]: [MoonriseCommon] Paper is using 1 worker threads, 1 I/O threads
[02:24:44] [Server thread/INFO]: [ChunkTaskScheduler] Chunk system is using population gen parallelism: true
[02:24:44] [Server thread/INFO]: Default game type: SURVIVAL
[02:24:44] [Server thread/INFO]: Generating keypair
[02:24:44] [Server thread/INFO]: Starting Minecraft server on *:25565
[02:24:45] [Server thread/INFO]: Using epoll channel type
[02:24:45] [Server thread/INFO]: Paper: Using libdeflate (Linux x86_64) compression from Velocity.
[02:24:45] [Server thread/INFO]: Paper: Using OpenSSL 1.1.x (Linux x86_64) cipher from Velocity.
[02:24:45] [Server thread/WARN]: **** SERVER IS RUNNING IN OFFLINE/INSECURE MODE!
[02:24:45] [Server thread/WARN]: The server will make no attempt to authenticate usernames. Beware.
[02:24:45] [Server thread/WARN]: While this makes the game possible to play without internet access, it also opens up the ability for hackers to connect with any username they choose.
[02:24:45] [Server thread/WARN]: To change this, set "online-mode" to "true" in the server.properties file.
[02:24:45] [Server thread/INFO]: Preparing level "world"
[02:24:54] [Paper Common Worker #0/INFO]: [MCTypeRegistry] Initialising converters for DataConverter...
[02:24:55] [Paper Common Worker #0/INFO]: [MCTypeRegistry] Finished initialising converters for DataConverter in 440.0ms
[02:25:02] [Server thread/INFO]: Preparing start region for dimension minecraft:overworld
[02:25:02] [Server thread/INFO]: Preparing spawn area: 2%
[02:25:02] [Server thread/INFO]: Preparing spawn area: 2%
[02:25:03] [Server thread/INFO]: Preparing spawn area: 2%
[02:25:03] [Server thread/INFO]: Preparing spawn area: 2%
[02:25:04] [Server thread/INFO]: Preparing spawn area: 2%
[02:25:04] [Server thread/INFO]: Preparing spawn area: 2%
[02:25:05] [Server thread/INFO]: Preparing spawn area: 6%
[02:25:05] [Server thread/INFO]: Preparing spawn area: 12%
[02:25:06] [Server thread/INFO]: Preparing spawn area: 18%
[02:25:06] [Server thread/INFO]: Preparing spawn area: 18%
[02:25:07] [Server thread/INFO]: Preparing spawn area: 18%
[02:25:07] [Server thread/INFO]: Preparing spawn area: 32%
[02:25:08] [Server thread/INFO]: Preparing spawn area: 46%
[02:25:08] [Server thread/INFO]: Preparing spawn area: 51%
[02:25:09] [Server thread/INFO]: Preparing spawn area: 51%
[02:25:09] [Server thread/INFO]: Preparing spawn area: 67%
[02:25:10] [Server thread/INFO]: Preparing spawn area: 67%
[02:25:10] [Server thread/INFO]: Preparing spawn area: 67%
[02:25:11] [Server thread/INFO]: Preparing spawn area: 77%
[02:25:11] [Server thread/INFO]: Time elapsed: 9015 ms
[02:25:11] [Server thread/INFO]: Preparing start region for dimension minecraft:the_nether
[02:25:11] [Server thread/INFO]: Preparing spawn area: 2%
[02:25:11] [Server thread/INFO]: Preparing spawn area: 2%
[02:25:12] [Server thread/INFO]: Preparing spawn area: 18%
[02:25:12] [Server thread/INFO]: Preparing spawn area: 38%
[02:25:13] [Server thread/INFO]: Preparing spawn area: 51%
[02:25:13] [Server thread/INFO]: Time elapsed: 2440 ms
[02:25:13] [Server thread/INFO]: Preparing start region for dimension minecraft:the_end
[02:25:13] [Server thread/INFO]: Preparing spawn area: 2%
[02:25:14] [Server thread/INFO]: Preparing spawn area: 20%
[02:25:14] [Server thread/INFO]: Preparing spawn area: 26%
[02:25:14] [Server thread/INFO]: Time elapsed: 1120 ms
[02:25:14] [Server thread/INFO]: [spark] Starting background profiler...
[02:25:15] [Server thread/INFO]: Done preparing level "world" (29.876s)
[02:25:15] [Server thread/INFO]: Running delayed init tasks
[02:25:15] [Server thread/INFO]: Done (53.730s)! For help, type "help"
[02:25:15] [Server thread/INFO]: *************************************************************************************
[02:25:15] [Server thread/INFO]: This is the first time you're starting this server.
[02:25:15] [Server thread/INFO]: It's recommended you read our 'Getting Started' documentation for guidance.
[02:25:15] [Server thread/INFO]: View this and more helpful information here: https://docs.papermc.io/paper/next-steps
[02:25:15] [Server thread/INFO]: *************************************************************************************
